Started GET "/" for 127.0.0.1 at 2024-12-10 17:30:04 +0100
  
ActiveRecord::NoDatabaseError (We could not find your database: fevr_development. Available database configurations can be found in config/database.yml.

To resolve this error:

- Did you not create the database, or did you delete it? To create the database, run:

    bin/rails db:create

- Has the database name changed? Verify that config/database.yml contains the correct database name.
):
  
activerecord (7.1.5) lib/active_record/connection_adapters/postgresql_adapter.rb:74:in `rescue in new_client'
activerecord (7.1.5) lib/active_record/connection_adapters/postgresql_adapter.rb:68:in `new_client'
activerecord (7.1.5) lib/active_record/connection_adapters/postgresql_adapter.rb:980:in `connect'
activerecord (7.1.5) lib/active_record/connection_adapters/postgresql_adapter.rb:992:in `reconnect'
activerecord (7.1.5) lib/active_record/connection_adapters/abstract_adapter.rb:685:in `block in reconnect!'
activesupport (7.1.5) lib/active_support/concurrency/null_lock.rb:9:in `synchronize'
activerecord (7.1.5) lib/active_record/connection_adapters/abstract_adapter.rb:684:in `reconnect!'
activerecord (7.1.5) lib/active_record/connection_adapters/abstract_adapter.rb:786:in `block in verify!'
activesupport (7.1.5) lib/active_support/concurrency/null_lock.rb:9:in `synchronize'
activerecord (7.1.5) lib/active_record/connection_adapters/abstract_adapter.rb:777:in `verify!'
activerecord (7.1.5) lib/active_record/connection_adapters/abstract_adapter.rb:794:in `connect!'
activerecord (7.1.5) lib/active_record/connection_adapters/abstract_adapter.rb:1000:in `block in with_raw_connection'
activesupport (7.1.5) lib/active_support/concurrency/null_lock.rb:9:in `synchronize'
activerecord (7.1.5) lib/active_record/connection_adapters/abstract_adapter.rb:999:in `with_raw_connection'
activerecord (7.1.5) lib/active_record/connection_adapters/abstract_adapter.rb:1112:in `valid_raw_connection'
activerecord (7.1.5) lib/active_record/connection_adapters/postgresql_adapter.rb:616:in `get_database_version'
activerecord (7.1.5) lib/active_record/connection_adapters/schema_cache.rb:374:in `database_version'
activerecord (7.1.5) lib/active_record/connection_adapters/schema_cache.rb:70:in `database_version'
activerecord (7.1.5) lib/active_record/connection_adapters/schema_cache.rb:200:in `database_version'
activerecord (7.1.5) lib/active_record/connection_adapters/abstract_adapter.rb:870:in `database_version'
activerecord (7.1.5) lib/active_record/connection_adapters/postgresql_adapter.rb:644:in `check_version'
activerecord (7.1.5) lib/active_record/connection_adapters/abstract/connection_pool.rb:680:in `new_connection'
activerecord (7.1.5) lib/active_record/connection_adapters/abstract/connection_pool.rb:730:in `checkout_new_connection'
activerecord (7.1.5) lib/active_record/connection_adapters/abstract/connection_pool.rb:709:in `try_to_checkout_new_connection'
activerecord (7.1.5) lib/active_record/connection_adapters/abstract/connection_pool.rb:654:in `acquire_connection'
activerecord (7.1.5) lib/active_record/connection_adapters/abstract/connection_pool.rb:353:in `checkout'
activerecord (7.1.5) lib/active_record/connection_adapters/abstract/connection_pool.rb:182:in `connection'
activerecord (7.1.5) lib/active_record/migration/pending_migration_connection.rb:8:in `establish_temporary_connection'
activerecord (7.1.5) lib/active_record/migration.rb:774:in `block in pending_migrations'
activerecord (7.1.5) lib/active_record/migration.rb:773:in `each'
activerecord (7.1.5) lib/active_record/migration.rb:773:in `pending_migrations'
activerecord (7.1.5) lib/active_record/migration.rb:752:in `check_pending_migrations'
activerecord (7.1.5) lib/active_record/migration.rb:644:in `block (2 levels) in call'
activesupport (7.1.5) lib/active_support/file_update_checker.rb:85:in `execute'
activerecord (7.1.5) lib/active_record/migration.rb:649:in `block in call'
activerecord (7.1.5) lib/active_record/migration.rb:641:in `synchronize'
activerecord (7.1.5) lib/active_record/migration.rb:641:in `call'
actionpack (7.1.5) lib/action_dispatch/middleware/callbacks.rb:29:in `block in call'
activesupport (7.1.5) lib/active_support/callbacks.rb:101:in `run_callbacks'
actionpack (7.1.5) lib/action_dispatch/middleware/callbacks.rb:28:in `call'
actionpack (7.1.5) lib/action_dispatch/middleware/executor.rb:14:in `call'
actionpack (7.1.5) lib/action_dispatch/middleware/actionable_exceptions.rb:16:in `call'
actionpack (7.1.5) lib/action_dispatch/middleware/debug_exceptions.rb:29:in `call'
web-console (4.2.1) lib/web_console/middleware.rb:132:in `call_app'
web-console (4.2.1) lib/web_console/middleware.rb:28:in `block in call'
web-console (4.2.1) lib/web_console/middleware.rb:17:in `catch'
web-console (4.2.1) lib/web_console/middleware.rb:17:in `call'
actionpack (7.1.5) lib/action_dispatch/middleware/show_exceptions.rb:31:in `call'
railties (7.1.5) lib/rails/rack/logger.rb:37:in `call_app'
railties (7.1.5) lib/rails/rack/logger.rb:24:in `block in call'
activesupport (7.1.5) lib/active_support/tagged_logging.rb:139:in `block in tagged'
activesupport (7.1.5) lib/active_support/tagged_logging.rb:39:in `tagged'
activesupport (7.1.5) lib/active_support/tagged_logging.rb:139:in `tagged'
activesupport (7.1.5) lib/active_support/broadcast_logger.rb:241:in `method_missing'
railties (7.1.5) lib/rails/rack/logger.rb:24:in `call'
sprockets-rails (3.5.2) lib/sprockets/rails/quiet_assets.rb:17:in `call'
actionpack (7.1.5) lib/action_dispatch/middleware/remote_ip.rb:92:in `call'
actionpack (7.1.5) lib/action_dispatch/middleware/request_id.rb:28:in `call'
rack (3.1.8) lib/rack/method_override.rb:28:in `call'
rack (3.1.8) lib/rack/runtime.rb:24:in `call'
activesupport (7.1.5) lib/active_support/cache/strategy/local_cache_middleware.rb:29:in `call'
actionpack (7.1.5) lib/action_dispatch/middleware/server_timing.rb:59:in `block in call'
actionpack (7.1.5) lib/action_dispatch/middleware/server_timing.rb:24:in `collect_events'
actionpack (7.1.5) lib/action_dispatch/middleware/server_timing.rb:58:in `call'
actionpack (7.1.5) lib/action_dispatch/middleware/executor.rb:14:in `call'
actionpack (7.1.5) lib/action_dispatch/middleware/static.rb:25:in `call'
rack (3.1.8) lib/rack/sendfile.rb:114:in `call'
actionpack (7.1.5) lib/action_dispatch/middleware/host_authorization.rb:141:in `call'
railties (7.1.5) lib/rails/engine.rb:536:in `call'
puma (6.5.0) lib/puma/configuration.rb:279:in `call'
puma (6.5.0) lib/puma/request.rb:99:in `block in handle_request'
puma (6.5.0) lib/puma/thread_pool.rb:389:in `with_force_shutdown'
puma (6.5.0) lib/puma/request.rb:98:in `handle_request'
puma (6.5.0) lib/puma/server.rb:468:in `process_client'
puma (6.5.0) lib/puma/server.rb:249:in `block in run'
puma (6.5.0) lib/puma/thread_pool.rb:166:in `block in spawn_thread'
Started POST "/rails/actions" for 127.0.0.1 at 2024-12-10 17:30:41 +0100
  [1m[35m (126.3ms)[0m  [1m[35mCREATE DATABASE "fevr_development" ENCODING = 'unicode'[0m
  [1m[35m (31.6ms)[0m  [1m[35mCREATE DATABASE "fevr_test" ENCODING = 'unicode'[0m
Started GET "/" for 127.0.0.1 at 2024-12-10 17:30:42 +0100
  [1m[35m (9.4ms)[0m  [1m[35mCREATE TABLE "schema_migrations" ("version" character varying NOT NULL PRIMARY KEY)[0m
  [1m[35m (6.7ms)[0m  [1m[35mCREATE TABLE "ar_internal_metadata" ("key" character varying NOT NULL PRIMARY KEY, "value" character varying, "created_at" timestamp(6) NOT NULL, "updated_at" timestamp(6) NOT NULL)[0m
  [1m[36mActiveRecord::SchemaMigration Load (0.7ms)[0m  [1m[34mSELECT "schema_migrations"."version" FROM "schema_migrations" ORDER BY "schema_migrations"."version" ASC[0m
  
ActionController::RoutingError (uninitialized constant ClothesController):
  
Started GET "/" for 127.0.0.1 at 2024-12-10 17:39:09 +0100
  
ActionController::RoutingError (uninitialized constant ClothesController):
  
Started GET "/" for 127.0.0.1 at 2024-12-10 17:39:11 +0100
  
ActionController::RoutingError (uninitialized constant ClothesController):
  
Started GET "/" for 127.0.0.1 at 2024-12-10 17:40:16 +0100
  
ArgumentError ('' is not a supported controller name. This can lead to potential routing problems. See https://guides.rubyonrails.org/routing.html#specifying-a-controller-to-use):
  
config/routes.rb:3:in `block in <main>'
config/routes.rb:1:in `<main>'
